<?xml version="1.0" encoding="UTF-8"?>
<coverage generated="1737668521922" clover="3.2.0">
  <project timestamp="1737668521922" name="All files">
    <metrics statements="260" coveredstatements="237" conditionals="48" coveredconditionals="40" methods="30" coveredmethods="29" elements="338" coveredelements="306" complexity="0" loc="260" ncloc="260" packages="4" files="11" classes="11"/>
    <package name="src">
      <metrics statements="32" coveredstatements="30" conditionals="2" coveredconditionals="1" methods="6" coveredmethods="5"/>
      <file name="server.ts" path="C:\Users\mayak\OneDrive\Documents\Studies\ThirdYear\WebApplications\WebAppClass\WebClass-Assignments\src\server.ts">
        <metrics statements="32" coveredstatements="30" conditionals="2" coveredconditionals="1" methods="6" coveredmethods="5"/>
        <line num="1" count="3" type="stmt"/>
        <line num="2" count="3" type="stmt"/>
        <line num="3" count="3" type="stmt"/>
        <line num="4" count="3" type="stmt"/>
        <line num="5" count="3" type="stmt"/>
        <line num="6" count="3" type="stmt"/>
        <line num="7" count="3" type="stmt"/>
        <line num="8" count="3" type="stmt"/>
        <line num="9" count="3" type="stmt"/>
        <line num="10" count="3" type="stmt"/>
        <line num="11" count="3" type="stmt"/>
        <line num="13" count="3" type="stmt"/>
        <line num="14" count="3" type="stmt"/>
        <line num="15" count="3" type="stmt"/>
        <line num="16" count="3" type="stmt"/>
        <line num="17" count="3" type="stmt"/>
        <line num="18" count="3" type="stmt"/>
        <line num="20" count="3" type="stmt"/>
        <line num="32" count="3" type="stmt"/>
        <line num="33" count="3" type="stmt"/>
        <line num="35" count="3" type="stmt"/>
        <line num="36" count="3" type="stmt"/>
        <line num="37" count="3" type="stmt"/>
        <line num="38" count="3" type="stmt"/>
        <line num="39" count="0" type="stmt"/>
        <line num="41" count="3" type="stmt"/>
        <line num="42" count="3" type="stmt"/>
        <line num="44" count="3" type="cond" truecount="1" falsecount="1"/>
        <line num="45" count="0" type="stmt"/>
        <line num="47" count="3" type="stmt"/>
        <line num="48" count="3" type="stmt"/>
        <line num="54" count="3" type="stmt"/>
      </file>
    </package>
    <package name="src.controllers">
      <metrics statements="186" coveredstatements="165" conditionals="46" coveredconditionals="39" methods="24" coveredmethods="24"/>
      <file name="auth_controller.ts" path="C:\Users\mayak\OneDrive\Documents\Studies\ThirdYear\WebApplications\WebAppClass\WebClass-Assignments\src\controllers\auth_controller.ts">
        <metrics statements="131" coveredstatements="113" conditionals="30" coveredconditionals="25" methods="17" coveredmethods="17"/>
        <line num="2" count="3" type="stmt"/>
        <line num="3" count="3" type="stmt"/>
        <line num="4" count="3" type="stmt"/>
        <line num="6" count="6" type="stmt"/>
        <line num="7" count="6" type="stmt"/>
        <line num="8" count="6" type="stmt"/>
        <line num="9" count="6" type="cond" truecount="3" falsecount="0"/>
        <line num="10" count="1" type="stmt"/>
        <line num="11" count="1" type="stmt"/>
        <line num="13" count="5" type="stmt"/>
        <line num="14" count="5" type="stmt"/>
        <line num="15" count="5" type="stmt"/>
        <line num="16" count="5" type="stmt"/>
        <line num="20" count="4" type="stmt"/>
        <line num="21" count="4" type="stmt"/>
        <line num="23" count="1" type="stmt"/>
        <line num="24" count="1" type="stmt"/>
        <line num="28" count="3" type="stmt"/>
        <line num="31" count="10" type="stmt"/>
        <line num="32" count="10" type="cond" truecount="1" falsecount="0"/>
        <line num="33" count="1" type="stmt"/>
        <line num="35" count="9" type="stmt"/>
        <line num="44" count="9" type="stmt"/>
        <line num="54" count="9" type="stmt"/>
        <line num="57" count="12" type="stmt"/>
        <line num="58" count="12" type="stmt"/>
        <line num="59" count="12" type="stmt"/>
        <line num="60" count="12" type="cond" truecount="3" falsecount="0"/>
        <line num="61" count="1" type="stmt"/>
        <line num="62" count="1" type="stmt"/>
        <line num="64" count="11" type="stmt"/>
        <line num="65" count="11" type="stmt"/>
        <line num="66" count="10" type="cond" truecount="1" falsecount="0"/>
        <line num="67" count="1" type="stmt"/>
        <line num="68" count="1" type="stmt"/>
        <line num="70" count="9" type="stmt"/>
        <line num="71" count="9" type="cond" truecount="1" falsecount="0"/>
        <line num="72" count="1" type="stmt"/>
        <line num="73" count="1" type="stmt"/>
        <line num="77" count="8" type="stmt"/>
        <line num="78" count="8" type="cond" truecount="1" falsecount="0"/>
        <line num="79" count="1" type="stmt"/>
        <line num="80" count="1" type="stmt"/>
        <line num="83" count="7" type="stmt"/>
        <line num="84" count="7" type="stmt"/>
        <line num="86" count="7" type="stmt"/>
        <line num="93" count="1" type="stmt"/>
        <line num="94" count="1" type="stmt"/>
        <line num="102" count="3" type="stmt"/>
        <line num="103" count="3" type="stmt"/>
        <line num="104" count="3" type="cond" truecount="1" falsecount="0"/>
        <line num="105" count="1" type="stmt"/>
        <line num="106" count="1" type="stmt"/>
        <line num="110" count="2" type="cond" truecount="1" falsecount="0"/>
        <line num="111" count="1" type="stmt"/>
        <line num="112" count="1" type="stmt"/>
        <line num="114" count="1" type="stmt"/>
        <line num="117" count="1" type="stmt"/>
        <line num="118" count="1" type="cond" truecount="0" falsecount="1"/>
        <line num="119" count="0" type="stmt"/>
        <line num="120" count="0" type="stmt"/>
        <line num="122" count="1" type="stmt"/>
        <line num="123" count="1" type="stmt"/>
        <line num="124" count="1" type="stmt"/>
        <line num="125" count="1" type="cond" truecount="0" falsecount="1"/>
        <line num="126" count="0" type="stmt"/>
        <line num="127" count="0" type="stmt"/>
        <line num="129" count="1" type="cond" truecount="2" falsecount="1"/>
        <line num="130" count="0" type="stmt"/>
        <line num="131" count="0" type="stmt"/>
        <line num="132" count="0" type="stmt"/>
        <line num="133" count="0" type="stmt"/>
        <line num="135" count="1" type="stmt"/>
        <line num="136" count="2" type="stmt"/>
        <line num="138" count="1" type="stmt"/>
        <line num="139" count="1" type="stmt"/>
        <line num="141" count="0" type="stmt"/>
        <line num="142" count="0" type="stmt"/>
        <line num="148" count="8" type="stmt"/>
        <line num="150" count="8" type="stmt"/>
        <line num="151" count="8" type="cond" truecount="1" falsecount="0"/>
        <line num="152" count="1" type="stmt"/>
        <line num="153" count="1" type="stmt"/>
        <line num="155" count="7" type="cond" truecount="1" falsecount="0"/>
        <line num="156" count="1" type="stmt"/>
        <line num="157" count="1" type="stmt"/>
        <line num="159" count="6" type="stmt"/>
        <line num="162" count="6" type="stmt"/>
        <line num="163" count="6" type="cond" truecount="1" falsecount="0"/>
        <line num="164" count="1" type="stmt"/>
        <line num="165" count="1" type="stmt"/>
        <line num="168" count="5" type="stmt"/>
        <line num="169" count="5" type="stmt"/>
        <line num="170" count="5" type="stmt"/>
        <line num="171" count="5" type="cond" truecount="0" falsecount="1"/>
        <line num="172" count="0" type="stmt"/>
        <line num="173" count="0" type="stmt"/>
        <line num="176" count="5" type="cond" truecount="3" falsecount="0"/>
        <line num="177" count="3" type="stmt"/>
        <line num="178" count="3" type="stmt"/>
        <line num="179" count="3" type="stmt"/>
        <line num="180" count="3" type="stmt"/>
        <line num="184" count="2" type="stmt"/>
        <line num="185" count="2" type="cond" truecount="0" falsecount="1"/>
        <line num="186" count="0" type="stmt"/>
        <line num="187" count="0" type="stmt"/>
        <line num="188" count="0" type="stmt"/>
        <line num="189" count="0" type="stmt"/>
        <line num="193" count="2" type="stmt"/>
        <line num="194" count="3" type="stmt"/>
        <line num="198" count="2" type="stmt"/>
        <line num="199" count="2" type="stmt"/>
        <line num="202" count="2" type="stmt"/>
        <line num="207" count="0" type="stmt"/>
        <line num="208" count="0" type="stmt"/>
        <line num="214" count="3" type="stmt"/>
        <line num="219" count="19" type="stmt"/>
        <line num="220" count="19" type="cond" truecount="2" falsecount="0"/>
        <line num="221" count="19" type="cond" truecount="1" falsecount="0"/>
        <line num="222" count="1" type="stmt"/>
        <line num="223" count="1" type="stmt"/>
        <line num="225" count="18" type="cond" truecount="1" falsecount="0"/>
        <line num="226" count="1" type="stmt"/>
        <line num="227" count="1" type="stmt"/>
        <line num="229" count="17" type="stmt"/>
        <line num="230" count="17" type="cond" truecount="1" falsecount="0"/>
        <line num="231" count="1" type="stmt"/>
        <line num="232" count="1" type="stmt"/>
        <line num="234" count="16" type="stmt"/>
        <line num="235" count="16" type="stmt"/>
        <line num="239" count="3" type="stmt"/>
      </file>
      <file name="base_controller.ts" path="C:\Users\mayak\OneDrive\Documents\Studies\ThirdYear\WebApplications\WebAppClass\WebClass-Assignments\src\controllers\base_controller.ts">
        <metrics statements="47" coveredstatements="44" conditionals="16" coveredconditionals="14" methods="7" coveredmethods="7"/>
        <line num="4" count="3" type="stmt"/>
        <line num="8" count="6" type="stmt"/>
        <line num="13" count="6" type="stmt"/>
        <line num="14" count="6" type="stmt"/>
        <line num="15" count="6" type="stmt"/>
        <line num="19" count="4" type="stmt"/>
        <line num="21" count="2" type="stmt"/>
        <line num="27" count="6" type="stmt"/>
        <line num="28" count="6" type="stmt"/>
        <line num="29" count="6" type="cond" truecount="2" falsecount="0"/>
        <line num="30" count="6" type="stmt"/>
        <line num="31" count="6" type="stmt"/>
        <line num="33" count="0" type="stmt"/>
        <line num="41" count="12" type="stmt"/>
        <line num="42" count="12" type="stmt"/>
        <line num="43" count="12" type="stmt"/>
        <line num="44" count="10" type="cond" truecount="2" falsecount="0"/>
        <line num="45" count="2" type="stmt"/>
        <line num="47" count="8" type="stmt"/>
        <line num="50" count="2" type="stmt"/>
        <line num="58" count="5" type="stmt"/>
        <line num="59" count="5" type="stmt"/>
        <line num="61" count="5" type="stmt"/>
        <line num="62" count="5" type="stmt"/>
        <line num="63" count="4" type="cond" truecount="4" falsecount="0"/>
        <line num="65" count="4" type="cond" truecount="1" falsecount="0"/>
        <line num="66" count="2" type="stmt"/>
        <line num="71" count="2" type="stmt"/>
        <line num="76" count="2" type="cond" truecount="0" falsecount="1"/>
        <line num="77" count="0" type="stmt"/>
        <line num="80" count="2" type="stmt"/>
        <line num="82" count="1" type="stmt"/>
        <line num="90" count="5" type="stmt"/>
        <line num="91" count="5" type="stmt"/>
        <line num="93" count="5" type="stmt"/>
        <line num="94" count="5" type="stmt"/>
        <line num="95" count="4" type="cond" truecount="4" falsecount="0"/>
        <line num="97" count="4" type="cond" truecount="1" falsecount="0"/>
        <line num="98" count="2" type="stmt"/>
        <line num="103" count="2" type="stmt"/>
        <line num="105" count="2" type="cond" truecount="0" falsecount="1"/>
        <line num="106" count="0" type="stmt"/>
        <line num="109" count="2" type="stmt"/>
        <line num="111" count="1" type="stmt"/>
        <line num="118" count="3" type="stmt"/>
        <line num="119" count="6" type="stmt"/>
        <line num="122" count="3" type="stmt"/>
      </file>
      <file name="comments_controller.ts" path="C:\Users\mayak\OneDrive\Documents\Studies\ThirdYear\WebApplications\WebAppClass\WebClass-Assignments\src\controllers\comments_controller.ts">
        <metrics statements="4" coveredstatements="4" conditionals="0" coveredconditionals="0" methods="0" coveredmethods="0"/>
        <line num="1" count="3" type="stmt"/>
        <line num="3" count="3" type="stmt"/>
        <line num="5" count="3" type="stmt"/>
        <line num="7" count="3" type="stmt"/>
      </file>
      <file name="posts_controller.ts" path="C:\Users\mayak\OneDrive\Documents\Studies\ThirdYear\WebApplications\WebAppClass\WebClass-Assignments\src\controllers\posts_controller.ts">
        <metrics statements="4" coveredstatements="4" conditionals="0" coveredconditionals="0" methods="0" coveredmethods="0"/>
        <line num="1" count="3" type="stmt"/>
        <line num="2" count="3" type="stmt"/>
        <line num="4" count="3" type="stmt"/>
        <line num="6" count="3" type="stmt"/>
      </file>
    </package>
    <package name="src.models">
      <metrics statements="14" coveredstatements="14" conditionals="0" coveredconditionals="0" methods="0" coveredmethods="0"/>
      <file name="comments_model.ts" path="C:\Users\mayak\OneDrive\Documents\Studies\ThirdYear\WebApplications\WebAppClass\WebClass-Assignments\src\models\comments_model.ts">
        <metrics statements="4" coveredstatements="4" conditionals="0" coveredconditionals="0" methods="0" coveredmethods="0"/>
        <line num="1" count="3" type="stmt"/>
        <line num="9" count="3" type="stmt"/>
        <line num="24" count="3" type="stmt"/>
        <line num="25" count="3" type="stmt"/>
      </file>
      <file name="posts_model.ts" path="C:\Users\mayak\OneDrive\Documents\Studies\ThirdYear\WebApplications\WebAppClass\WebClass-Assignments\src\models\posts_model.ts">
        <metrics statements="5" coveredstatements="5" conditionals="0" coveredconditionals="0" methods="0" coveredmethods="0"/>
        <line num="1" count="3" type="stmt"/>
        <line num="2" count="3" type="stmt"/>
        <line num="10" count="3" type="stmt"/>
        <line num="22" count="3" type="stmt"/>
        <line num="24" count="3" type="stmt"/>
      </file>
      <file name="user_model.ts" path="C:\Users\mayak\OneDrive\Documents\Studies\ThirdYear\WebApplications\WebAppClass\WebClass-Assignments\src\models\user_model.ts">
        <metrics statements="5" coveredstatements="5" conditionals="0" coveredconditionals="0" methods="0" coveredmethods="0"/>
        <line num="1" count="3" type="stmt"/>
        <line num="2" count="3" type="stmt"/>
        <line num="11" count="3" type="stmt"/>
        <line num="27" count="3" type="stmt"/>
        <line num="29" count="3" type="stmt"/>
      </file>
    </package>
    <package name="src.routes">
      <metrics statements="28" coveredstatements="28" conditionals="0" coveredconditionals="0" methods="0" coveredmethods="0"/>
      <file name="auth_route.ts" path="C:\Users\mayak\OneDrive\Documents\Studies\ThirdYear\WebApplications\WebAppClass\WebClass-Assignments\src\routes\auth_route.ts">
        <metrics statements="8" coveredstatements="8" conditionals="0" coveredconditionals="0" methods="0" coveredmethods="0"/>
        <line num="1" count="3" type="stmt"/>
        <line num="2" count="3" type="stmt"/>
        <line num="3" count="3" type="stmt"/>
        <line num="65" count="3" type="stmt"/>
        <line num="103" count="3" type="stmt"/>
        <line num="133" count="3" type="stmt"/>
        <line num="174" count="3" type="stmt"/>
        <line num="176" count="3" type="stmt"/>
      </file>
      <file name="comments_route.ts" path="C:\Users\mayak\OneDrive\Documents\Studies\ThirdYear\WebApplications\WebAppClass\WebClass-Assignments\src\routes\comments_route.ts">
        <metrics statements="10" coveredstatements="10" conditionals="0" coveredconditionals="0" methods="0" coveredmethods="0"/>
        <line num="1" count="3" type="stmt"/>
        <line num="2" count="3" type="stmt"/>
        <line num="3" count="3" type="stmt"/>
        <line num="4" count="3" type="stmt"/>
        <line num="88" count="3" type="stmt"/>
        <line num="122" count="3" type="stmt"/>
        <line num="159" count="3" type="stmt"/>
        <line num="215" count="3" type="stmt"/>
        <line num="247" count="3" type="stmt"/>
        <line num="253" count="3" type="stmt"/>
      </file>
      <file name="posts_route.ts" path="C:\Users\mayak\OneDrive\Documents\Studies\ThirdYear\WebApplications\WebAppClass\WebClass-Assignments\src\routes\posts_route.ts">
        <metrics statements="10" coveredstatements="10" conditionals="0" coveredconditionals="0" methods="0" coveredmethods="0"/>
        <line num="1" count="3" type="stmt"/>
        <line num="2" count="3" type="stmt"/>
        <line num="3" count="3" type="stmt"/>
        <line num="4" count="3" type="stmt"/>
        <line num="69" count="3" type="stmt"/>
        <line num="91" count="3" type="stmt"/>
        <line num="120" count="3" type="stmt"/>
        <line num="179" count="3" type="stmt"/>
        <line num="212" count="3" type="stmt"/>
        <line num="218" count="3" type="stmt"/>
      </file>
    </package>
  </project>
</coverage>
