{"C:\\Users\\mayak\\OneDrive\\Documents\\Studies\\ThirdYear\\WebApplications\\WebAppClass\\WebClass-Assignments\\src\\server.ts": {"path":"C:\\Users\\mayak\\OneDrive\\Documents\\Studies\\ThirdYear\\WebApplications\\WebAppClass\\WebClass-Assignments\\src\\server.ts","statementMap":{"0":{"start":{"line":1,"column":0},"end":{"line":1,"column":43}},"1":{"start":{"line":2,"column":0},"end":{"line":2,"column":28}},"2":{"start":{"line":3,"column":0},"end":{"line":3,"column":32}},"3":{"start":{"line":4,"column":0},"end":{"line":4,"column":37}},"4":{"start":{"line":5,"column":0},"end":{"line":5,"column":46}},"5":{"start":{"line":6,"column":0},"end":{"line":6,"column":53}},"6":{"start":{"line":7,"column":0},"end":{"line":7,"column":45}},"7":{"start":{"line":8,"column":0},"end":{"line":8,"column":41}},"8":{"start":{"line":9,"column":0},"end":{"line":9,"column":43}},"9":{"start":{"line":10,"column":0},"end":{"line":10,"column":16}},"10":{"start":{"line":11,"column":12},"end":{"line":11,"column":21}},"11":{"start":{"line":13,"column":0},"end":{"line":13,"column":27}},"12":{"start":{"line":14,"column":0},"end":{"line":14,"column":51}},"13":{"start":{"line":15,"column":0},"end":{"line":15,"column":30}},"14":{"start":{"line":16,"column":0},"end":{"line":16,"column":37}},"15":{"start":{"line":17,"column":0},"end":{"line":17,"column":29}},"16":{"start":{"line":19,"column":16},"end":{"line":30,"column":2}},"17":{"start":{"line":31,"column":14},"end":{"line":31,"column":35}},"18":{"start":{"line":32,"column":0},"end":{"line":32,"column":62}},"19":{"start":{"line":34,"column":16},"end":{"line":51,"column":2}},"20":{"start":{"line":34,"column":27},"end":{"line":51,"column":2}},"21":{"start":{"line":35,"column":2},"end":{"line":50,"column":5}},"22":{"start":{"line":36,"column":15},"end":{"line":36,"column":34}},"23":{"start":{"line":37,"column":4},"end":{"line":39,"column":7}},"24":{"start":{"line":38,"column":6},"end":{"line":38,"column":27}},"25":{"start":{"line":40,"column":4},"end":{"line":42,"column":7}},"26":{"start":{"line":41,"column":6},"end":{"line":41,"column":43}},"27":{"start":{"line":43,"column":4},"end":{"line":49,"column":5}},"28":{"start":{"line":44,"column":6},"end":{"line":44,"column":30}},"29":{"start":{"line":46,"column":6},"end":{"line":48,"column":9}},"30":{"start":{"line":47,"column":8},"end":{"line":47,"column":21}},"31":{"start":{"line":53,"column":0},"end":{"line":53,"column":23}}},"fnMap":{"0":{"name":"(anonymous_8)","decl":{"start":{"line":34,"column":16},"end":{"line":34,"column":25}},"loc":{"start":{"line":34,"column":27},"end":{"line":51,"column":2}}},"1":{"name":"(anonymous_9)","decl":{"start":{"line":34,"column":27},"end":{"line":34,"column":null}},"loc":{"start":{"line":34,"column":27},"end":{"line":51,"column":1}}},"2":{"name":"(anonymous_10)","decl":{"start":{"line":35,"column":30},"end":{"line":35,"column":31}},"loc":{"start":{"line":35,"column":50},"end":{"line":50,"column":3}}},"3":{"name":"(anonymous_11)","decl":{"start":{"line":37,"column":19},"end":{"line":37,"column":20}},"loc":{"start":{"line":37,"column":29},"end":{"line":39,"column":5}}},"4":{"name":"(anonymous_12)","decl":{"start":{"line":40,"column":20},"end":{"line":40,"column":null}},"loc":{"start":{"line":40,"column":20},"end":{"line":42,"column":5}}},"5":{"name":"(anonymous_13)","decl":{"start":{"line":46,"column":52},"end":{"line":46,"column":55}},"loc":{"start":{"line":46,"column":57},"end":{"line":48,"column":7}}}},"branchMap":{"0":{"loc":{"start":{"line":43,"column":4},"end":{"line":49,"column":5}},"type":"if","locations":[{"start":{"line":43,"column":4},"end":{"line":49,"column":5}},{"start":{"line":45,"column":11},"end":{"line":49,"column":5}}]}},"s":{"0":3,"1":3,"2":3,"3":3,"4":3,"5":3,"6":3,"7":3,"8":3,"9":3,"10":3,"11":3,"12":3,"13":3,"14":3,"15":3,"16":3,"17":3,"18":3,"19":3,"20":3,"21":3,"22":3,"23":3,"24":0,"25":3,"26":3,"27":3,"28":0,"29":3,"30":3,"31":3},"f":{"0":3,"1":3,"2":3,"3":0,"4":3,"5":3},"b":{"0":[0,3]}}
,"C:\\Users\\mayak\\OneDrive\\Documents\\Studies\\ThirdYear\\WebApplications\\WebAppClass\\WebClass-Assignments\\src\\controllers\\auth_controller.ts": {"path":"C:\\Users\\mayak\\OneDrive\\Documents\\Studies\\ThirdYear\\WebApplications\\WebAppClass\\WebClass-Assignments\\src\\controllers\\auth_controller.ts","statementMap":{"0":{"start":{"line":2,"column":0},"end":{"line":2,"column":45}},"1":{"start":{"line":3,"column":0},"end":{"line":3,"column":29}},"2":{"start":{"line":4,"column":0},"end":{"line":4,"column":31}},"3":{"start":{"line":6,"column":17},"end":{"line":26,"column":2}},"4":{"start":{"line":6,"column":55},"end":{"line":26,"column":2}},"5":{"start":{"line":7,"column":16},"end":{"line":7,"column":30}},"6":{"start":{"line":8,"column":19},"end":{"line":8,"column":36}},"7":{"start":{"line":9,"column":2},"end":{"line":12,"column":3}},"8":{"start":{"line":10,"column":4},"end":{"line":10,"column":60}},"9":{"start":{"line":11,"column":4},"end":{"line":11,"column":11}},"10":{"start":{"line":13,"column":2},"end":{"line":25,"column":3}},"11":{"start":{"line":14,"column":17},"end":{"line":14,"column":42}},"12":{"start":{"line":15,"column":27},"end":{"line":15,"column":61}},"13":{"start":{"line":16,"column":17},"end":{"line":19,"column":6}},"14":{"start":{"line":20,"column":4},"end":{"line":20,"column":31}},"15":{"start":{"line":21,"column":4},"end":{"line":21,"column":11}},"16":{"start":{"line":23,"column":4},"end":{"line":23,"column":30}},"17":{"start":{"line":24,"column":4},"end":{"line":24,"column":11}},"18":{"start":{"line":28,"column":23},"end":{"line":55,"column":1}},"19":{"start":{"line":31,"column":17},"end":{"line":31,"column":52}},"20":{"start":{"line":32,"column":2},"end":{"line":34,"column":3}},"21":{"start":{"line":33,"column":4},"end":{"line":33,"column":11}},"22":{"start":{"line":35,"column":16},"end":{"line":41,"column":null}},"23":{"start":{"line":44,"column":23},"end":{"line":51,"column":null}},"24":{"start":{"line":54,"column":2},"end":{"line":54,"column":54}},"25":{"start":{"line":57,"column":14},"end":{"line":96,"column":2}},"26":{"start":{"line":57,"column":52},"end":{"line":96,"column":2}},"27":{"start":{"line":58,"column":16},"end":{"line":58,"column":30}},"28":{"start":{"line":59,"column":19},"end":{"line":59,"column":36}},"29":{"start":{"line":60,"column":2},"end":{"line":63,"column":3}},"30":{"start":{"line":61,"column":4},"end":{"line":61,"column":60}},"31":{"start":{"line":62,"column":4},"end":{"line":62,"column":11}},"32":{"start":{"line":64,"column":2},"end":{"line":95,"column":3}},"33":{"start":{"line":65,"column":17},"end":{"line":65,"column":58}},"34":{"start":{"line":66,"column":4},"end":{"line":69,"column":5}},"35":{"start":{"line":67,"column":6},"end":{"line":67,"column":54}},"36":{"start":{"line":68,"column":6},"end":{"line":68,"column":13}},"37":{"start":{"line":70,"column":26},"end":{"line":70,"column":72}},"38":{"start":{"line":71,"column":4},"end":{"line":74,"column":5}},"39":{"start":{"line":72,"column":6},"end":{"line":72,"column":54}},"40":{"start":{"line":73,"column":6},"end":{"line":73,"column":13}},"41":{"start":{"line":77,"column":19},"end":{"line":77,"column":43}},"42":{"start":{"line":78,"column":4},"end":{"line":81,"column":5}},"43":{"start":{"line":79,"column":6},"end":{"line":79,"column":57}},"44":{"start":{"line":80,"column":6},"end":{"line":80,"column":13}},"45":{"start":{"line":83,"column":4},"end":{"line":83,"column":48}},"46":{"start":{"line":84,"column":4},"end":{"line":84,"column":22}},"47":{"start":{"line":86,"column":4},"end":{"line":91,"column":7}},"48":{"start":{"line":93,"column":4},"end":{"line":93,"column":30}},"49":{"start":{"line":94,"column":4},"end":{"line":94,"column":11}},"50":{"start":{"line":102,"column":15},"end":{"line":146,"column":2}},"51":{"start":{"line":102,"column":53},"end":{"line":146,"column":2}},"52":{"start":{"line":103,"column":23},"end":{"line":103,"column":44}},"53":{"start":{"line":104,"column":2},"end":{"line":107,"column":3}},"54":{"start":{"line":105,"column":4},"end":{"line":105,"column":54}},"55":{"start":{"line":106,"column":4},"end":{"line":106,"column":11}},"56":{"start":{"line":110,"column":2},"end":{"line":113,"column":3}},"57":{"start":{"line":111,"column":4},"end":{"line":111,"column":55}},"58":{"start":{"line":112,"column":4},"end":{"line":112,"column":11}},"59":{"start":{"line":114,"column":2},"end":{"line":145,"column":4}},"60":{"start":{"line":117,"column":42},"end":{"line":144,"column":null}},"61":{"start":{"line":118,"column":6},"end":{"line":121,"column":7}},"62":{"start":{"line":119,"column":8},"end":{"line":119,"column":54}},"63":{"start":{"line":120,"column":8},"end":{"line":120,"column":15}},"64":{"start":{"line":122,"column":22},"end":{"line":122,"column":42}},"65":{"start":{"line":123,"column":6},"end":{"line":143,"column":7}},"66":{"start":{"line":124,"column":21},"end":{"line":124,"column":66}},"67":{"start":{"line":125,"column":8},"end":{"line":128,"column":9}},"68":{"start":{"line":126,"column":10},"end":{"line":126,"column":56}},"69":{"start":{"line":127,"column":10},"end":{"line":127,"column":17}},"70":{"start":{"line":129,"column":8},"end":{"line":134,"column":9}},"71":{"start":{"line":130,"column":10},"end":{"line":130,"column":56}},"72":{"start":{"line":131,"column":10},"end":{"line":131,"column":33}},"73":{"start":{"line":132,"column":10},"end":{"line":132,"column":28}},"74":{"start":{"line":133,"column":10},"end":{"line":133,"column":17}},"75":{"start":{"line":135,"column":8},"end":{"line":137,"column":10}},"76":{"start":{"line":136,"column":21},"end":{"line":136,"column":42}},"77":{"start":{"line":138,"column":8},"end":{"line":138,"column":26}},"78":{"start":{"line":139,"column":8},"end":{"line":139,"column":43}},"79":{"start":{"line":141,"column":8},"end":{"line":141,"column":34}},"80":{"start":{"line":142,"column":8},"end":{"line":142,"column":15}},"81":{"start":{"line":148,"column":16},"end":{"line":212,"column":2}},"82":{"start":{"line":148,"column":54},"end":{"line":212,"column":2}},"83":{"start":{"line":150,"column":24},"end":{"line":150,"column":45}},"84":{"start":{"line":151,"column":2},"end":{"line":154,"column":3}},"85":{"start":{"line":152,"column":4},"end":{"line":152,"column":54}},"86":{"start":{"line":153,"column":4},"end":{"line":153,"column":11}},"87":{"start":{"line":155,"column":2},"end":{"line":158,"column":3}},"88":{"start":{"line":156,"column":4},"end":{"line":156,"column":55}},"89":{"start":{"line":157,"column":4},"end":{"line":157,"column":11}},"90":{"start":{"line":159,"column":2},"end":{"line":211,"column":4}},"91":{"start":{"line":162,"column":42},"end":{"line":210,"column":null}},"92":{"start":{"line":163,"column":6},"end":{"line":166,"column":7}},"93":{"start":{"line":164,"column":8},"end":{"line":164,"column":54}},"94":{"start":{"line":165,"column":8},"end":{"line":165,"column":15}},"95":{"start":{"line":168,"column":22},"end":{"line":168,"column":42}},"96":{"start":{"line":169,"column":6},"end":{"line":209,"column":7}},"97":{"start":{"line":170,"column":21},"end":{"line":170,"column":66}},"98":{"start":{"line":171,"column":8},"end":{"line":174,"column":9}},"99":{"start":{"line":172,"column":10},"end":{"line":172,"column":56}},"100":{"start":{"line":173,"column":10},"end":{"line":173,"column":17}},"101":{"start":{"line":176,"column":8},"end":{"line":181,"column":9}},"102":{"start":{"line":177,"column":10},"end":{"line":177,"column":33}},"103":{"start":{"line":178,"column":10},"end":{"line":178,"column":28}},"104":{"start":{"line":179,"column":10},"end":{"line":179,"column":56}},"105":{"start":{"line":180,"column":10},"end":{"line":180,"column":17}},"106":{"start":{"line":184,"column":26},"end":{"line":184,"column":50}},"107":{"start":{"line":185,"column":8},"end":{"line":190,"column":9}},"108":{"start":{"line":186,"column":10},"end":{"line":186,"column":33}},"109":{"start":{"line":187,"column":10},"end":{"line":187,"column":28}},"110":{"start":{"line":188,"column":10},"end":{"line":188,"column":61}},"111":{"start":{"line":189,"column":10},"end":{"line":189,"column":17}},"112":{"start":{"line":193,"column":8},"end":{"line":195,"column":10}},"113":{"start":{"line":194,"column":21},"end":{"line":194,"column":43}},"114":{"start":{"line":198,"column":8},"end":{"line":198,"column":55}},"115":{"start":{"line":199,"column":8},"end":{"line":199,"column":26}},"116":{"start":{"line":202,"column":8},"end":{"line":205,"column":11}},"117":{"start":{"line":207,"column":8},"end":{"line":207,"column":34}},"118":{"start":{"line":208,"column":8},"end":{"line":208,"column":15}},"119":{"start":{"line":214,"column":30},"end":{"line":237,"column":1}},"120":{"start":{"line":219,"column":21},"end":{"line":219,"column":49}},"121":{"start":{"line":220,"column":16},"end":{"line":220,"column":54}},"122":{"start":{"line":221,"column":2},"end":{"line":224,"column":3}},"123":{"start":{"line":222,"column":4},"end":{"line":222,"column":42}},"124":{"start":{"line":223,"column":4},"end":{"line":223,"column":11}},"125":{"start":{"line":225,"column":2},"end":{"line":228,"column":3}},"126":{"start":{"line":226,"column":4},"end":{"line":226,"column":56}},"127":{"start":{"line":227,"column":4},"end":{"line":227,"column":11}},"128":{"start":{"line":229,"column":2},"end":{"line":236,"column":5}},"129":{"start":{"line":230,"column":4},"end":{"line":233,"column":5}},"130":{"start":{"line":231,"column":6},"end":{"line":231,"column":44}},"131":{"start":{"line":232,"column":6},"end":{"line":232,"column":13}},"132":{"start":{"line":234,"column":4},"end":{"line":234,"column":35}},"133":{"start":{"line":235,"column":4},"end":{"line":235,"column":11}},"134":{"start":{"line":214,"column":13},"end":{"line":214,"column":30}},"135":{"start":{"line":239,"column":0},"end":{"line":244,"column":2}}},"fnMap":{"0":{"name":"(anonymous_8)","decl":{"start":{"line":6,"column":17},"end":{"line":6,"column":24}},"loc":{"start":{"line":6,"column":55},"end":{"line":26,"column":2}}},"1":{"name":"(anonymous_9)","decl":{"start":{"line":6,"column":55},"end":{"line":6,"column":null}},"loc":{"start":{"line":6,"column":55},"end":{"line":26,"column":1}}},"2":{"name":"(anonymous_10)","decl":{"start":{"line":28,"column":23},"end":{"line":28,"column":null}},"loc":{"start":{"line":30,"column":45},"end":{"line":55,"column":1}}},"3":{"name":"(anonymous_11)","decl":{"start":{"line":57,"column":14},"end":{"line":57,"column":21}},"loc":{"start":{"line":57,"column":52},"end":{"line":96,"column":2}}},"4":{"name":"(anonymous_12)","decl":{"start":{"line":57,"column":52},"end":{"line":57,"column":null}},"loc":{"start":{"line":57,"column":52},"end":{"line":96,"column":1}}},"5":{"name":"(anonymous_13)","decl":{"start":{"line":102,"column":15},"end":{"line":102,"column":22}},"loc":{"start":{"line":102,"column":53},"end":{"line":146,"column":2}}},"6":{"name":"(anonymous_14)","decl":{"start":{"line":102,"column":53},"end":{"line":102,"column":null}},"loc":{"start":{"line":102,"column":53},"end":{"line":146,"column":1}}},"7":{"name":"(anonymous_15)","decl":{"start":{"line":117,"column":4},"end":{"line":117,"column":11}},"loc":{"start":{"line":117,"column":42},"end":{"line":144,"column":null}}},"8":{"name":"(anonymous_16)","decl":{"start":{"line":117,"column":42},"end":{"line":117,"column":null}},"loc":{"start":{"line":117,"column":42},"end":{"line":144,"column":5}}},"9":{"name":"(anonymous_17)","decl":{"start":{"line":136,"column":10},"end":{"line":136,"column":11}},"loc":{"start":{"line":136,"column":21},"end":{"line":136,"column":42}}},"10":{"name":"(anonymous_18)","decl":{"start":{"line":148,"column":16},"end":{"line":148,"column":23}},"loc":{"start":{"line":148,"column":54},"end":{"line":212,"column":2}}},"11":{"name":"(anonymous_19)","decl":{"start":{"line":148,"column":54},"end":{"line":148,"column":null}},"loc":{"start":{"line":148,"column":54},"end":{"line":212,"column":1}}},"12":{"name":"(anonymous_20)","decl":{"start":{"line":162,"column":4},"end":{"line":162,"column":11}},"loc":{"start":{"line":162,"column":42},"end":{"line":210,"column":null}}},"13":{"name":"(anonymous_21)","decl":{"start":{"line":162,"column":42},"end":{"line":162,"column":null}},"loc":{"start":{"line":162,"column":42},"end":{"line":210,"column":5}}},"14":{"name":"(anonymous_22)","decl":{"start":{"line":194,"column":10},"end":{"line":194,"column":11}},"loc":{"start":{"line":194,"column":21},"end":{"line":194,"column":43}}},"15":{"name":"(anonymous_23)","decl":{"start":{"line":214,"column":30},"end":{"line":214,"column":null}},"loc":{"start":{"line":218,"column":4},"end":{"line":237,"column":1}}},"16":{"name":"(anonymous_24)","decl":{"start":{"line":229,"column":46},"end":{"line":229,"column":47}},"loc":{"start":{"line":229,"column":77},"end":{"line":236,"column":3}}}},"branchMap":{"0":{"loc":{"start":{"line":9,"column":2},"end":{"line":12,"column":3}},"type":"if","locations":[{"start":{"line":9,"column":2},"end":{"line":12,"column":3}}]},"1":{"loc":{"start":{"line":9,"column":6},"end":{"line":9,"column":25}},"type":"binary-expr","locations":[{"start":{"line":9,"column":6},"end":{"line":9,"column":12}},{"start":{"line":9,"column":16},"end":{"line":9,"column":25}}]},"2":{"loc":{"start":{"line":32,"column":2},"end":{"line":34,"column":3}},"type":"if","locations":[{"start":{"line":32,"column":2},"end":{"line":34,"column":3}}]},"3":{"loc":{"start":{"line":60,"column":2},"end":{"line":63,"column":3}},"type":"if","locations":[{"start":{"line":60,"column":2},"end":{"line":63,"column":3}}]},"4":{"loc":{"start":{"line":60,"column":6},"end":{"line":60,"column":25}},"type":"binary-expr","locations":[{"start":{"line":60,"column":6},"end":{"line":60,"column":12}},{"start":{"line":60,"column":16},"end":{"line":60,"column":25}}]},"5":{"loc":{"start":{"line":66,"column":4},"end":{"line":69,"column":5}},"type":"if","locations":[{"start":{"line":66,"column":4},"end":{"line":69,"column":5}}]},"6":{"loc":{"start":{"line":71,"column":4},"end":{"line":74,"column":5}},"type":"if","locations":[{"start":{"line":71,"column":4},"end":{"line":74,"column":5}}]},"7":{"loc":{"start":{"line":78,"column":4},"end":{"line":81,"column":5}},"type":"if","locations":[{"start":{"line":78,"column":4},"end":{"line":81,"column":5}}]},"8":{"loc":{"start":{"line":104,"column":2},"end":{"line":107,"column":3}},"type":"if","locations":[{"start":{"line":104,"column":2},"end":{"line":107,"column":3}}]},"9":{"loc":{"start":{"line":110,"column":2},"end":{"line":113,"column":3}},"type":"if","locations":[{"start":{"line":110,"column":2},"end":{"line":113,"column":3}}]},"10":{"loc":{"start":{"line":118,"column":6},"end":{"line":121,"column":7}},"type":"if","locations":[{"start":{"line":118,"column":6},"end":{"line":121,"column":7}}]},"11":{"loc":{"start":{"line":125,"column":8},"end":{"line":128,"column":9}},"type":"if","locations":[{"start":{"line":125,"column":8},"end":{"line":128,"column":9}}]},"12":{"loc":{"start":{"line":129,"column":8},"end":{"line":134,"column":9}},"type":"if","locations":[{"start":{"line":129,"column":8},"end":{"line":134,"column":9}}]},"13":{"loc":{"start":{"line":129,"column":12},"end":{"line":129,"column":75}},"type":"binary-expr","locations":[{"start":{"line":129,"column":12},"end":{"line":129,"column":30}},{"start":{"line":129,"column":34},"end":{"line":129,"column":75}}]},"14":{"loc":{"start":{"line":151,"column":2},"end":{"line":154,"column":3}},"type":"if","locations":[{"start":{"line":151,"column":2},"end":{"line":154,"column":3}}]},"15":{"loc":{"start":{"line":155,"column":2},"end":{"line":158,"column":3}},"type":"if","locations":[{"start":{"line":155,"column":2},"end":{"line":158,"column":3}}]},"16":{"loc":{"start":{"line":163,"column":6},"end":{"line":166,"column":7}},"type":"if","locations":[{"start":{"line":163,"column":6},"end":{"line":166,"column":7}}]},"17":{"loc":{"start":{"line":171,"column":8},"end":{"line":174,"column":9}},"type":"if","locations":[{"start":{"line":171,"column":8},"end":{"line":174,"column":9}}]},"18":{"loc":{"start":{"line":176,"column":8},"end":{"line":181,"column":9}},"type":"if","locations":[{"start":{"line":176,"column":8},"end":{"line":181,"column":9}}]},"19":{"loc":{"start":{"line":176,"column":12},"end":{"line":176,"column":76}},"type":"binary-expr","locations":[{"start":{"line":176,"column":12},"end":{"line":176,"column":30}},{"start":{"line":176,"column":34},"end":{"line":176,"column":76}}]},"20":{"loc":{"start":{"line":185,"column":8},"end":{"line":190,"column":9}},"type":"if","locations":[{"start":{"line":185,"column":8},"end":{"line":190,"column":9}}]},"21":{"loc":{"start":{"line":220,"column":16},"end":{"line":220,"column":54}},"type":"binary-expr","locations":[{"start":{"line":220,"column":16},"end":{"line":220,"column":26}},{"start":{"line":220,"column":30},"end":{"line":220,"column":54}}]},"22":{"loc":{"start":{"line":221,"column":2},"end":{"line":224,"column":3}},"type":"if","locations":[{"start":{"line":221,"column":2},"end":{"line":224,"column":3}}]},"23":{"loc":{"start":{"line":225,"column":2},"end":{"line":228,"column":3}},"type":"if","locations":[{"start":{"line":225,"column":2},"end":{"line":228,"column":3}}]},"24":{"loc":{"start":{"line":230,"column":4},"end":{"line":233,"column":5}},"type":"if","locations":[{"start":{"line":230,"column":4},"end":{"line":233,"column":5}}]}},"s":{"0":3,"1":3,"2":3,"3":3,"4":6,"5":6,"6":6,"7":6,"8":1,"9":1,"10":5,"11":5,"12":5,"13":5,"14":4,"15":4,"16":1,"17":1,"18":3,"19":11,"20":11,"21":1,"22":10,"23":10,"24":10,"25":3,"26":12,"27":12,"28":12,"29":12,"30":1,"31":1,"32":11,"33":11,"34":10,"35":1,"36":1,"37":9,"38":9,"39":1,"40":1,"41":8,"42":8,"43":1,"44":1,"45":7,"46":7,"47":7,"48":1,"49":1,"50":3,"51":3,"52":3,"53":3,"54":1,"55":1,"56":2,"57":1,"58":1,"59":1,"60":1,"61":1,"62":0,"63":0,"64":1,"65":1,"66":1,"67":1,"68":0,"69":0,"70":1,"71":0,"72":0,"73":0,"74":0,"75":1,"76":2,"77":1,"78":1,"79":0,"80":0,"81":3,"82":9,"83":9,"84":9,"85":1,"86":1,"87":8,"88":1,"89":1,"90":7,"91":7,"92":7,"93":1,"94":1,"95":6,"96":6,"97":6,"98":6,"99":0,"100":0,"101":6,"102":3,"103":3,"104":3,"105":3,"106":3,"107":3,"108":0,"109":0,"110":0,"111":0,"112":3,"113":4,"114":3,"115":3,"116":3,"117":0,"118":0,"119":3,"120":20,"121":20,"122":20,"123":1,"124":1,"125":19,"126":1,"127":1,"128":18,"129":18,"130":2,"131":2,"132":16,"133":16,"134":3,"135":3},"f":{"0":6,"1":6,"2":11,"3":12,"4":12,"5":3,"6":3,"7":1,"8":1,"9":2,"10":9,"11":9,"12":7,"13":7,"14":4,"15":20,"16":18},"b":{"0":[1],"1":[6,6],"2":[1],"3":[1],"4":[12,12],"5":[1],"6":[1],"7":[1],"8":[1],"9":[1],"10":[0],"11":[0],"12":[0],"13":[1,1],"14":[1],"15":[1],"16":[1],"17":[0],"18":[3],"19":[6,6],"20":[0],"21":[20,19],"22":[1],"23":[1],"24":[2]}}
,"C:\\Users\\mayak\\OneDrive\\Documents\\Studies\\ThirdYear\\WebApplications\\WebAppClass\\WebClass-Assignments\\src\\controllers\\base_controller.ts": {"path":"C:\\Users\\mayak\\OneDrive\\Documents\\Studies\\ThirdYear\\WebApplications\\WebAppClass\\WebClass-Assignments\\src\\controllers\\base_controller.ts","statementMap":{"0":{"start":{"line":8,"column":4},"end":{"line":8,"column":23}},"1":{"start":{"line":13,"column":16},"end":{"line":13,"column":32}},"2":{"start":{"line":14,"column":4},"end":{"line":22,"column":5}},"3":{"start":{"line":15,"column":19},"end":{"line":17,"column":null}},"4":{"start":{"line":19,"column":6},"end":{"line":19,"column":33}},"5":{"start":{"line":21,"column":6},"end":{"line":21,"column":34}},"6":{"start":{"line":27,"column":24},"end":{"line":27,"column":49}},"7":{"start":{"line":28,"column":4},"end":{"line":36,"column":5}},"8":{"start":{"line":29,"column":20},"end":{"line":29,"column":61}},"9":{"start":{"line":30,"column":20},"end":{"line":30,"column":48}},"10":{"start":{"line":31,"column":6},"end":{"line":31,"column":34}},"11":{"start":{"line":33,"column":6},"end":{"line":35,"column":74}},"12":{"start":{"line":41,"column":15},"end":{"line":41,"column":28}},"13":{"start":{"line":42,"column":4},"end":{"line":53,"column":5}},"14":{"start":{"line":43,"column":19},"end":{"line":43,"column":48}},"15":{"start":{"line":44,"column":6},"end":{"line":48,"column":7}},"16":{"start":{"line":45,"column":8},"end":{"line":45,"column":35}},"17":{"start":{"line":47,"column":8},"end":{"line":47,"column":58}},"18":{"start":{"line":50,"column":6},"end":{"line":52,"column":73}},"19":{"start":{"line":58,"column":15},"end":{"line":58,"column":28}},"20":{"start":{"line":59,"column":19},"end":{"line":59,"column":45}},"21":{"start":{"line":61,"column":4},"end":{"line":85,"column":5}},"22":{"start":{"line":62,"column":26},"end":{"line":62,"column":55}},"23":{"start":{"line":63,"column":25},"end":{"line":63,"column":61}},"24":{"start":{"line":65,"column":6},"end":{"line":69,"column":7}},"25":{"start":{"line":66,"column":8},"end":{"line":68,"column":63}},"26":{"start":{"line":71,"column":26},"end":{"line":74,"column":8}},"27":{"start":{"line":76,"column":6},"end":{"line":78,"column":7}},"28":{"start":{"line":77,"column":8},"end":{"line":77,"column":65}},"29":{"start":{"line":80,"column":6},"end":{"line":80,"column":40}},"30":{"start":{"line":82,"column":6},"end":{"line":84,"column":74}},"31":{"start":{"line":90,"column":15},"end":{"line":90,"column":28}},"32":{"start":{"line":91,"column":19},"end":{"line":91,"column":45}},"33":{"start":{"line":93,"column":4},"end":{"line":114,"column":5}},"34":{"start":{"line":94,"column":26},"end":{"line":94,"column":55}},"35":{"start":{"line":95,"column":25},"end":{"line":95,"column":61}},"36":{"start":{"line":97,"column":6},"end":{"line":101,"column":7}},"37":{"start":{"line":98,"column":8},"end":{"line":100,"column":63}},"38":{"start":{"line":103,"column":26},"end":{"line":103,"column":65}},"39":{"start":{"line":105,"column":6},"end":{"line":107,"column":7}},"40":{"start":{"line":106,"column":8},"end":{"line":106,"column":65}},"41":{"start":{"line":109,"column":6},"end":{"line":109,"column":69}},"42":{"start":{"line":111,"column":6},"end":{"line":113,"column":74}},"43":{"start":{"line":4,"column":0},"end":{"line":4,"column":13}},"44":{"start":{"line":118,"column":25},"end":{"line":120,"column":1}},"45":{"start":{"line":119,"column":2},"end":{"line":119,"column":35}},"46":{"start":{"line":122,"column":0},"end":{"line":122,"column":32}}},"fnMap":{"0":{"name":"(anonymous_7)","decl":{"start":{"line":7,"column":2},"end":{"line":7,"column":14}},"loc":{"start":{"line":7,"column":29},"end":{"line":9,"column":3}}},"1":{"name":"(anonymous_8)","decl":{"start":{"line":12,"column":8},"end":{"line":12,"column":14}},"loc":{"start":{"line":12,"column":42},"end":{"line":23,"column":null}}},"2":{"name":"(anonymous_10)","decl":{"start":{"line":26,"column":8},"end":{"line":26,"column":14}},"loc":{"start":{"line":26,"column":42},"end":{"line":37,"column":null}}},"3":{"name":"(anonymous_12)","decl":{"start":{"line":40,"column":8},"end":{"line":40,"column":15}},"loc":{"start":{"line":40,"column":43},"end":{"line":54,"column":null}}},"4":{"name":"(anonymous_14)","decl":{"start":{"line":57,"column":8},"end":{"line":57,"column":14}},"loc":{"start":{"line":57,"column":42},"end":{"line":86,"column":null}}},"5":{"name":"(anonymous_16)","decl":{"start":{"line":89,"column":8},"end":{"line":89,"column":14}},"loc":{"start":{"line":89,"column":42},"end":{"line":115,"column":null}}},"6":{"name":"(anonymous_18)","decl":{"start":{"line":118,"column":25},"end":{"line":118,"column":29}},"loc":{"start":{"line":118,"column":48},"end":{"line":120,"column":1}}}},"branchMap":{"0":{"loc":{"start":{"line":29,"column":20},"end":{"line":29,"column":61}},"type":"cond-expr","locations":[{"start":{"line":29,"column":34},"end":{"line":29,"column":56}},{"start":{"line":29,"column":59},"end":{"line":29,"column":61}}]},"1":{"loc":{"start":{"line":44,"column":6},"end":{"line":48,"column":7}},"type":"if","locations":[{"start":{"line":44,"column":6},"end":{"line":48,"column":7}},{"start":{"line":46,"column":13},"end":{"line":48,"column":7}}]},"2":{"loc":{"start":{"line":63,"column":25},"end":{"line":63,"column":61}},"type":"cond-expr","locations":[{"start":{"line":63,"column":36},"end":{"line":63,"column":54}},{"start":{"line":63,"column":25},"end":{"line":63,"column":61}}]},"3":{"loc":{"start":{"line":63,"column":25},"end":{"line":63,"column":54}},"type":"binary-expr","locations":[{"start":{"line":63,"column":25},"end":{"line":63,"column":56}},{"start":{"line":63,"column":25},"end":{"line":63,"column":54}}]},"4":{"loc":{"start":{"line":65,"column":6},"end":{"line":69,"column":7}},"type":"if","locations":[{"start":{"line":65,"column":6},"end":{"line":69,"column":7}}]},"5":{"loc":{"start":{"line":76,"column":6},"end":{"line":78,"column":7}},"type":"if","locations":[{"start":{"line":76,"column":6},"end":{"line":78,"column":7}}]},"6":{"loc":{"start":{"line":95,"column":25},"end":{"line":95,"column":61}},"type":"cond-expr","locations":[{"start":{"line":95,"column":36},"end":{"line":95,"column":54}},{"start":{"line":95,"column":25},"end":{"line":95,"column":61}}]},"7":{"loc":{"start":{"line":95,"column":25},"end":{"line":95,"column":54}},"type":"binary-expr","locations":[{"start":{"line":95,"column":25},"end":{"line":95,"column":56}},{"start":{"line":95,"column":25},"end":{"line":95,"column":54}}]},"8":{"loc":{"start":{"line":97,"column":6},"end":{"line":101,"column":7}},"type":"if","locations":[{"start":{"line":97,"column":6},"end":{"line":101,"column":7}}]},"9":{"loc":{"start":{"line":105,"column":6},"end":{"line":107,"column":7}},"type":"if","locations":[{"start":{"line":105,"column":6},"end":{"line":107,"column":7}}]}},"s":{"0":6,"1":6,"2":6,"3":6,"4":4,"5":2,"6":6,"7":6,"8":6,"9":6,"10":6,"11":0,"12":12,"13":12,"14":12,"15":10,"16":2,"17":8,"18":2,"19":5,"20":5,"21":5,"22":5,"23":4,"24":4,"25":2,"26":2,"27":2,"28":0,"29":2,"30":1,"31":5,"32":5,"33":5,"34":5,"35":4,"36":4,"37":2,"38":2,"39":2,"40":0,"41":2,"42":1,"43":3,"44":3,"45":6,"46":3},"f":{"0":6,"1":6,"2":6,"3":12,"4":5,"5":5,"6":6},"b":{"0":[2,4],"1":[2,8],"2":[1,3],"3":[4,3],"4":[2],"5":[0],"6":[2,2],"7":[4,2],"8":[2],"9":[0]}}
,"C:\\Users\\mayak\\OneDrive\\Documents\\Studies\\ThirdYear\\WebApplications\\WebAppClass\\WebClass-Assignments\\src\\controllers\\comments_controller.ts": {"path":"C:\\Users\\mayak\\OneDrive\\Documents\\Studies\\ThirdYear\\WebApplications\\WebAppClass\\WebClass-Assignments\\src\\controllers\\comments_controller.ts","statementMap":{"0":{"start":{"line":1,"column":0},"end":{"line":1,"column":66}},"1":{"start":{"line":3,"column":0},"end":{"line":3,"column":49}},"2":{"start":{"line":5,"column":27},"end":{"line":5,"column":67}},"3":{"start":{"line":7,"column":0},"end":{"line":7,"column":34}}},"fnMap":{},"branchMap":{},"s":{"0":3,"1":3,"2":3,"3":3},"f":{},"b":{}}
,"C:\\Users\\mayak\\OneDrive\\Documents\\Studies\\ThirdYear\\WebApplications\\WebAppClass\\WebClass-Assignments\\src\\controllers\\posts_controller.ts": {"path":"C:\\Users\\mayak\\OneDrive\\Documents\\Studies\\ThirdYear\\WebApplications\\WebAppClass\\WebClass-Assignments\\src\\controllers\\posts_controller.ts","statementMap":{"0":{"start":{"line":1,"column":0},"end":{"line":1,"column":57}},"1":{"start":{"line":2,"column":0},"end":{"line":2,"column":49}},"2":{"start":{"line":4,"column":24},"end":{"line":4,"column":58}},"3":{"start":{"line":6,"column":0},"end":{"line":6,"column":31}}},"fnMap":{},"branchMap":{},"s":{"0":3,"1":3,"2":3,"3":3},"f":{},"b":{}}
,"C:\\Users\\mayak\\OneDrive\\Documents\\Studies\\ThirdYear\\WebApplications\\WebAppClass\\WebClass-Assignments\\src\\models\\comments_model.ts": {"path":"C:\\Users\\mayak\\OneDrive\\Documents\\Studies\\ThirdYear\\WebApplications\\WebAppClass\\WebClass-Assignments\\src\\models\\comments_model.ts","statementMap":{"0":{"start":{"line":1,"column":0},"end":{"line":1,"column":32}},"1":{"start":{"line":9,"column":22},"end":{"line":22,"column":2}},"2":{"start":{"line":24,"column":21},"end":{"line":24,"column":72}},"3":{"start":{"line":25,"column":0},"end":{"line":25,"column":28}}},"fnMap":{},"branchMap":{},"s":{"0":3,"1":3,"2":3,"3":3},"f":{},"b":{}}
,"C:\\Users\\mayak\\OneDrive\\Documents\\Studies\\ThirdYear\\WebApplications\\WebAppClass\\WebClass-Assignments\\src\\models\\posts_model.ts": {"path":"C:\\Users\\mayak\\OneDrive\\Documents\\Studies\\ThirdYear\\WebApplications\\WebAppClass\\WebClass-Assignments\\src\\models\\posts_model.ts","statementMap":{"0":{"start":{"line":1,"column":0},"end":{"line":1,"column":32}},"1":{"start":{"line":2,"column":15},"end":{"line":2,"column":30}},"2":{"start":{"line":10,"column":19},"end":{"line":20,"column":2}},"3":{"start":{"line":22,"column":18},"end":{"line":22,"column":60}},"4":{"start":{"line":24,"column":0},"end":{"line":24,"column":25}}},"fnMap":{},"branchMap":{},"s":{"0":3,"1":3,"2":3,"3":3,"4":3},"f":{},"b":{}}
,"C:\\Users\\mayak\\OneDrive\\Documents\\Studies\\ThirdYear\\WebApplications\\WebAppClass\\WebClass-Assignments\\src\\models\\user_model.ts": {"path":"C:\\Users\\mayak\\OneDrive\\Documents\\Studies\\ThirdYear\\WebApplications\\WebAppClass\\WebClass-Assignments\\src\\models\\user_model.ts","statementMap":{"0":{"start":{"line":1,"column":0},"end":{"line":1,"column":32}},"1":{"start":{"line":2,"column":15},"end":{"line":2,"column":30}},"2":{"start":{"line":11,"column":19},"end":{"line":25,"column":2}},"3":{"start":{"line":27,"column":18},"end":{"line":27,"column":60}},"4":{"start":{"line":29,"column":0},"end":{"line":29,"column":25}}},"fnMap":{},"branchMap":{},"s":{"0":3,"1":3,"2":3,"3":3,"4":3},"f":{},"b":{}}
,"C:\\Users\\mayak\\OneDrive\\Documents\\Studies\\ThirdYear\\WebApplications\\WebAppClass\\WebClass-Assignments\\src\\routes\\auth_route.ts": {"path":"C:\\Users\\mayak\\OneDrive\\Documents\\Studies\\ThirdYear\\WebApplications\\WebAppClass\\WebClass-Assignments\\src\\routes\\auth_route.ts","statementMap":{"0":{"start":{"line":1,"column":0},"end":{"line":1,"column":30}},"1":{"start":{"line":2,"column":15},"end":{"line":2,"column":31}},"2":{"start":{"line":3,"column":0},"end":{"line":3,"column":60}},"3":{"start":{"line":65,"column":0},"end":{"line":65,"column":50}},"4":{"start":{"line":103,"column":0},"end":{"line":103,"column":44}},"5":{"start":{"line":133,"column":0},"end":{"line":133,"column":46}},"6":{"start":{"line":174,"column":0},"end":{"line":174,"column":48}},"7":{"start":{"line":176,"column":0},"end":{"line":176,"column":22}}},"fnMap":{},"branchMap":{},"s":{"0":3,"1":3,"2":3,"3":3,"4":3,"5":3,"6":3,"7":3},"f":{},"b":{}}
,"C:\\Users\\mayak\\OneDrive\\Documents\\Studies\\ThirdYear\\WebApplications\\WebAppClass\\WebClass-Assignments\\src\\routes\\comments_route.ts": {"path":"C:\\Users\\mayak\\OneDrive\\Documents\\Studies\\ThirdYear\\WebApplications\\WebAppClass\\WebClass-Assignments\\src\\routes\\comments_route.ts","statementMap":{"0":{"start":{"line":1,"column":0},"end":{"line":1,"column":30}},"1":{"start":{"line":2,"column":15},"end":{"line":2,"column":31}},"2":{"start":{"line":3,"column":0},"end":{"line":3,"column":68}},"3":{"start":{"line":4,"column":0},"end":{"line":4,"column":64}},"4":{"start":{"line":88,"column":0},"end":{"line":92,"column":2}},"5":{"start":{"line":122,"column":0},"end":{"line":122,"column":68}},"6":{"start":{"line":159,"column":0},"end":{"line":159,"column":72}},"7":{"start":{"line":215,"column":0},"end":{"line":219,"column":2}},"8":{"start":{"line":247,"column":0},"end":{"line":251,"column":2}},"9":{"start":{"line":253,"column":0},"end":{"line":253,"column":22}}},"fnMap":{},"branchMap":{},"s":{"0":3,"1":3,"2":3,"3":3,"4":3,"5":3,"6":3,"7":3,"8":3,"9":3},"f":{},"b":{}}
,"C:\\Users\\mayak\\OneDrive\\Documents\\Studies\\ThirdYear\\WebApplications\\WebAppClass\\WebClass-Assignments\\src\\routes\\posts_route.ts": {"path":"C:\\Users\\mayak\\OneDrive\\Documents\\Studies\\ThirdYear\\WebApplications\\WebAppClass\\WebClass-Assignments\\src\\routes\\posts_route.ts","statementMap":{"0":{"start":{"line":1,"column":0},"end":{"line":1,"column":30}},"1":{"start":{"line":2,"column":15},"end":{"line":2,"column":31}},"2":{"start":{"line":3,"column":0},"end":{"line":3,"column":62}},"3":{"start":{"line":4,"column":0},"end":{"line":4,"column":64}},"4":{"start":{"line":69,"column":0},"end":{"line":69,"column":79}},"5":{"start":{"line":91,"column":0},"end":{"line":91,"column":62}},"6":{"start":{"line":120,"column":0},"end":{"line":120,"column":66}},"7":{"start":{"line":179,"column":0},"end":{"line":183,"column":2}},"8":{"start":{"line":212,"column":0},"end":{"line":216,"column":2}},"9":{"start":{"line":218,"column":0},"end":{"line":218,"column":22}}},"fnMap":{},"branchMap":{},"s":{"0":3,"1":3,"2":3,"3":3,"4":3,"5":3,"6":3,"7":3,"8":3,"9":3},"f":{},"b":{}}
}
