TN:
SF:src\server.ts
FN:35,(anonymous_8)
FN:35,(anonymous_9)
FN:36,(anonymous_10)
FN:38,(anonymous_11)
FN:41,(anonymous_12)
FN:47,(anonymous_13)
FNF:6
FNH:5
FNDA:3,(anonymous_8)
FNDA:3,(anonymous_9)
FNDA:3,(anonymous_10)
FNDA:0,(anonymous_11)
FNDA:3,(anonymous_12)
FNDA:3,(anonymous_13)
DA:1,3
DA:2,3
DA:3,3
DA:4,3
DA:5,3
DA:6,3
DA:7,3
DA:8,3
DA:9,3
DA:10,3
DA:11,3
DA:13,3
DA:14,3
DA:15,3
DA:16,3
DA:17,3
DA:18,3
DA:20,3
DA:32,3
DA:33,3
DA:35,3
DA:36,3
DA:37,3
DA:38,3
DA:39,0
DA:41,3
DA:42,3
DA:44,3
DA:45,0
DA:47,3
DA:48,3
DA:54,3
LF:32
LH:30
BRDA:44,0,0,0
BRDA:44,0,1,3
BRF:2
BRH:1
end_of_record
TN:
SF:src\controllers\auth_controller.ts
FN:6,(anonymous_8)
FN:6,(anonymous_9)
FN:28,(anonymous_10)
FN:57,(anonymous_11)
FN:57,(anonymous_12)
FN:102,(anonymous_13)
FN:102,(anonymous_14)
FN:117,(anonymous_15)
FN:117,(anonymous_16)
FN:136,(anonymous_17)
FN:148,(anonymous_18)
FN:148,(anonymous_19)
FN:162,(anonymous_20)
FN:162,(anonymous_21)
FN:194,(anonymous_22)
FN:214,(anonymous_23)
FN:229,(anonymous_24)
FNF:17
FNH:17
FNDA:6,(anonymous_8)
FNDA:6,(anonymous_9)
FNDA:10,(anonymous_10)
FNDA:12,(anonymous_11)
FNDA:12,(anonymous_12)
FNDA:3,(anonymous_13)
FNDA:3,(anonymous_14)
FNDA:1,(anonymous_15)
FNDA:1,(anonymous_16)
FNDA:2,(anonymous_17)
FNDA:8,(anonymous_18)
FNDA:8,(anonymous_19)
FNDA:6,(anonymous_20)
FNDA:6,(anonymous_21)
FNDA:3,(anonymous_22)
FNDA:19,(anonymous_23)
FNDA:17,(anonymous_24)
DA:2,3
DA:3,3
DA:4,3
DA:6,6
DA:7,6
DA:8,6
DA:9,6
DA:10,1
DA:11,1
DA:13,5
DA:14,5
DA:15,5
DA:16,5
DA:20,4
DA:21,4
DA:23,1
DA:24,1
DA:28,3
DA:31,10
DA:32,10
DA:33,1
DA:35,9
DA:44,9
DA:54,9
DA:57,12
DA:58,12
DA:59,12
DA:60,12
DA:61,1
DA:62,1
DA:64,11
DA:65,11
DA:66,10
DA:67,1
DA:68,1
DA:70,9
DA:71,9
DA:72,1
DA:73,1
DA:77,8
DA:78,8
DA:79,1
DA:80,1
DA:83,7
DA:84,7
DA:86,7
DA:93,1
DA:94,1
DA:102,3
DA:103,3
DA:104,3
DA:105,1
DA:106,1
DA:110,2
DA:111,1
DA:112,1
DA:114,1
DA:117,1
DA:118,1
DA:119,0
DA:120,0
DA:122,1
DA:123,1
DA:124,1
DA:125,1
DA:126,0
DA:127,0
DA:129,1
DA:130,0
DA:131,0
DA:132,0
DA:133,0
DA:135,1
DA:136,2
DA:138,1
DA:139,1
DA:141,0
DA:142,0
DA:148,8
DA:150,8
DA:151,8
DA:152,1
DA:153,1
DA:155,7
DA:156,1
DA:157,1
DA:159,6
DA:162,6
DA:163,6
DA:164,1
DA:165,1
DA:168,5
DA:169,5
DA:170,5
DA:171,5
DA:172,0
DA:173,0
DA:176,5
DA:177,3
DA:178,3
DA:179,3
DA:180,3
DA:184,2
DA:185,2
DA:186,0
DA:187,0
DA:188,0
DA:189,0
DA:193,2
DA:194,3
DA:198,2
DA:199,2
DA:202,2
DA:207,0
DA:208,0
DA:214,3
DA:219,19
DA:220,19
DA:221,19
DA:222,1
DA:223,1
DA:225,18
DA:226,1
DA:227,1
DA:229,17
DA:230,17
DA:231,1
DA:232,1
DA:234,16
DA:235,16
DA:239,3
LF:131
LH:113
BRDA:9,0,0,1
BRDA:9,1,0,6
BRDA:9,1,1,6
BRDA:32,2,0,1
BRDA:60,3,0,1
BRDA:60,4,0,12
BRDA:60,4,1,12
BRDA:66,5,0,1
BRDA:71,6,0,1
BRDA:78,7,0,1
BRDA:104,8,0,1
BRDA:110,9,0,1
BRDA:118,10,0,0
BRDA:125,11,0,0
BRDA:129,12,0,0
BRDA:129,13,0,1
BRDA:129,13,1,1
BRDA:151,14,0,1
BRDA:155,15,0,1
BRDA:163,16,0,1
BRDA:171,17,0,0
BRDA:176,18,0,3
BRDA:176,19,0,5
BRDA:176,19,1,5
BRDA:185,20,0,0
BRDA:220,21,0,19
BRDA:220,21,1,18
BRDA:221,22,0,1
BRDA:225,23,0,1
BRDA:230,24,0,1
BRF:30
BRH:25
end_of_record
TN:
SF:src\controllers\base_controller.ts
FN:7,(anonymous_7)
FN:12,(anonymous_8)
FN:26,(anonymous_10)
FN:40,(anonymous_12)
FN:57,(anonymous_14)
FN:89,(anonymous_16)
FN:118,(anonymous_18)
FNF:7
FNH:7
FNDA:6,(anonymous_7)
FNDA:6,(anonymous_8)
FNDA:6,(anonymous_10)
FNDA:12,(anonymous_12)
FNDA:5,(anonymous_14)
FNDA:5,(anonymous_16)
FNDA:6,(anonymous_18)
DA:4,3
DA:8,6
DA:13,6
DA:14,6
DA:15,6
DA:19,4
DA:21,2
DA:27,6
DA:28,6
DA:29,6
DA:30,6
DA:31,6
DA:33,0
DA:41,12
DA:42,12
DA:43,12
DA:44,10
DA:45,2
DA:47,8
DA:50,2
DA:58,5
DA:59,5
DA:61,5
DA:62,5
DA:63,4
DA:65,4
DA:66,2
DA:71,2
DA:76,2
DA:77,0
DA:80,2
DA:82,1
DA:90,5
DA:91,5
DA:93,5
DA:94,5
DA:95,4
DA:97,4
DA:98,2
DA:103,2
DA:105,2
DA:106,0
DA:109,2
DA:111,1
DA:118,3
DA:119,6
DA:122,3
LF:47
LH:44
BRDA:29,0,0,2
BRDA:29,0,1,4
BRDA:44,1,0,2
BRDA:44,1,1,8
BRDA:63,2,0,1
BRDA:63,2,1,3
BRDA:63,3,0,4
BRDA:63,3,1,3
BRDA:65,4,0,2
BRDA:76,5,0,0
BRDA:95,6,0,2
BRDA:95,6,1,2
BRDA:95,7,0,4
BRDA:95,7,1,2
BRDA:97,8,0,2
BRDA:105,9,0,0
BRF:16
BRH:14
end_of_record
TN:
SF:src\controllers\comments_controller.ts
FNF:0
FNH:0
DA:1,3
DA:3,3
DA:5,3
DA:7,3
LF:4
LH:4
BRF:0
BRH:0
end_of_record
TN:
SF:src\controllers\posts_controller.ts
FNF:0
FNH:0
DA:1,3
DA:2,3
DA:4,3
DA:6,3
LF:4
LH:4
BRF:0
BRH:0
end_of_record
TN:
SF:src\models\comments_model.ts
FNF:0
FNH:0
DA:1,3
DA:9,3
DA:24,3
DA:25,3
LF:4
LH:4
BRF:0
BRH:0
end_of_record
TN:
SF:src\models\posts_model.ts
FNF:0
FNH:0
DA:1,3
DA:2,3
DA:10,3
DA:22,3
DA:24,3
LF:5
LH:5
BRF:0
BRH:0
end_of_record
TN:
SF:src\models\user_model.ts
FNF:0
FNH:0
DA:1,3
DA:2,3
DA:11,3
DA:27,3
DA:29,3
LF:5
LH:5
BRF:0
BRH:0
end_of_record
TN:
SF:src\routes\auth_route.ts
FNF:0
FNH:0
DA:1,3
DA:2,3
DA:3,3
DA:65,3
DA:103,3
DA:133,3
DA:174,3
DA:176,3
LF:8
LH:8
BRF:0
BRH:0
end_of_record
TN:
SF:src\routes\comments_route.ts
FNF:0
FNH:0
DA:1,3
DA:2,3
DA:3,3
DA:4,3
DA:88,3
DA:122,3
DA:159,3
DA:215,3
DA:247,3
DA:253,3
LF:10
LH:10
BRF:0
BRH:0
end_of_record
TN:
SF:src\routes\posts_route.ts
FNF:0
FNH:0
DA:1,3
DA:2,3
DA:3,3
DA:4,3
DA:69,3
DA:91,3
DA:120,3
DA:179,3
DA:212,3
DA:218,3
LF:10
LH:10
BRF:0
BRH:0
end_of_record
