TN:
SF:src\server.ts
FN:18,(anonymous_8)
FN:18,(anonymous_9)
FN:19,(anonymous_10)
FN:21,(anonymous_11)
FN:24,(anonymous_12)
FN:30,(anonymous_13)
FNF:6
FNH:5
FNDA:2,(anonymous_8)
FNDA:2,(anonymous_9)
FNDA:2,(anonymous_10)
FNDA:0,(anonymous_11)
FNDA:2,(anonymous_12)
FNDA:2,(anonymous_13)
DA:1,2
DA:2,2
DA:3,2
DA:4,2
DA:5,2
DA:6,2
DA:7,2
DA:9,2
DA:10,2
DA:12,2
DA:13,2
DA:14,2
DA:15,2
DA:16,2
DA:18,2
DA:19,2
DA:20,2
DA:21,2
DA:22,0
DA:24,2
DA:25,2
DA:27,2
DA:28,0
DA:30,2
DA:31,2
DA:37,2
LF:26
LH:24
BRDA:27,0,0,0
BRDA:27,0,1,2
BRF:2
BRH:1
end_of_record
TN:
SF:src\controllers\auth_controller.ts
FN:6,(anonymous_8)
FN:6,(anonymous_9)
FN:28,(anonymous_10)
FN:57,(anonymous_11)
FN:57,(anonymous_12)
FN:102,(anonymous_13)
FN:102,(anonymous_14)
FN:117,(anonymous_15)
FN:117,(anonymous_16)
FN:136,(anonymous_17)
FN:148,(anonymous_18)
FN:148,(anonymous_19)
FN:162,(anonymous_20)
FN:162,(anonymous_21)
FN:194,(anonymous_22)
FN:214,(anonymous_23)
FN:229,(anonymous_24)
FNF:17
FNH:17
FNDA:4,(anonymous_8)
FNDA:4,(anonymous_9)
FNDA:9,(anonymous_10)
FNDA:10,(anonymous_11)
FNDA:10,(anonymous_12)
FNDA:3,(anonymous_13)
FNDA:3,(anonymous_14)
FNDA:1,(anonymous_15)
FNDA:1,(anonymous_16)
FNDA:2,(anonymous_17)
FNDA:9,(anonymous_18)
FNDA:9,(anonymous_19)
FNDA:7,(anonymous_20)
FNDA:7,(anonymous_21)
FNDA:4,(anonymous_22)
FNDA:10,(anonymous_23)
FNDA:8,(anonymous_24)
DA:2,2
DA:3,2
DA:4,2
DA:6,4
DA:7,4
DA:8,4
DA:9,4
DA:10,1
DA:11,1
DA:13,3
DA:14,3
DA:15,3
DA:16,3
DA:20,2
DA:21,2
DA:23,1
DA:24,1
DA:28,2
DA:31,9
DA:32,9
DA:33,1
DA:35,8
DA:44,8
DA:54,8
DA:57,10
DA:58,10
DA:59,10
DA:60,10
DA:61,1
DA:62,1
DA:64,9
DA:65,9
DA:66,8
DA:67,1
DA:68,1
DA:70,7
DA:71,7
DA:72,1
DA:73,1
DA:77,6
DA:78,6
DA:79,1
DA:80,1
DA:83,5
DA:84,5
DA:86,5
DA:93,1
DA:94,1
DA:102,3
DA:103,3
DA:104,3
DA:105,1
DA:106,1
DA:110,2
DA:111,1
DA:112,1
DA:114,1
DA:117,1
DA:118,1
DA:119,0
DA:120,0
DA:122,1
DA:123,1
DA:124,1
DA:125,1
DA:126,0
DA:127,0
DA:129,1
DA:130,0
DA:131,0
DA:132,0
DA:133,0
DA:135,1
DA:136,2
DA:138,1
DA:139,1
DA:141,0
DA:142,0
DA:148,9
DA:150,9
DA:151,9
DA:152,1
DA:153,1
DA:155,8
DA:156,1
DA:157,1
DA:159,7
DA:162,7
DA:163,7
DA:164,1
DA:165,1
DA:168,6
DA:169,6
DA:170,6
DA:171,6
DA:172,0
DA:173,0
DA:176,6
DA:177,3
DA:178,3
DA:179,3
DA:180,3
DA:184,3
DA:185,3
DA:186,0
DA:187,0
DA:188,0
DA:189,0
DA:193,3
DA:194,4
DA:198,3
DA:199,3
DA:202,3
DA:207,0
DA:208,0
DA:214,2
DA:219,10
DA:220,10
DA:221,10
DA:222,1
DA:223,1
DA:225,9
DA:226,1
DA:227,1
DA:229,8
DA:230,8
DA:231,2
DA:232,2
DA:234,6
DA:235,6
DA:239,2
LF:131
LH:113
BRDA:9,0,0,1
BRDA:9,1,0,4
BRDA:9,1,1,4
BRDA:32,2,0,1
BRDA:60,3,0,1
BRDA:60,4,0,10
BRDA:60,4,1,10
BRDA:66,5,0,1
BRDA:71,6,0,1
BRDA:78,7,0,1
BRDA:104,8,0,1
BRDA:110,9,0,1
BRDA:118,10,0,0
BRDA:125,11,0,0
BRDA:129,12,0,0
BRDA:129,13,0,1
BRDA:129,13,1,1
BRDA:151,14,0,1
BRDA:155,15,0,1
BRDA:163,16,0,1
BRDA:171,17,0,0
BRDA:176,18,0,3
BRDA:176,19,0,6
BRDA:176,19,1,6
BRDA:185,20,0,0
BRDA:220,21,0,10
BRDA:220,21,1,9
BRDA:221,22,0,1
BRDA:225,23,0,1
BRDA:230,24,0,2
BRF:30
BRH:25
end_of_record
TN:
SF:src\controllers\base_controller.ts
FN:7,(anonymous_7)
FN:12,(anonymous_8)
FN:26,(anonymous_10)
FN:40,(anonymous_12)
FN:57,(anonymous_14)
FN:89,(anonymous_16)
FN:118,(anonymous_18)
FNF:7
FNH:7
FNDA:4,(anonymous_7)
FNDA:4,(anonymous_8)
FNDA:1,(anonymous_10)
FNDA:2,(anonymous_12)
FNDA:1,(anonymous_14)
FNDA:1,(anonymous_16)
FNDA:4,(anonymous_18)
DA:4,2
DA:8,4
DA:13,4
DA:14,4
DA:15,4
DA:19,3
DA:21,1
DA:27,1
DA:28,1
DA:29,1
DA:30,1
DA:31,1
DA:33,0
DA:41,2
DA:42,2
DA:43,2
DA:44,2
DA:45,1
DA:47,1
DA:50,0
DA:58,1
DA:59,1
DA:61,1
DA:62,1
DA:63,1
DA:65,1
DA:66,0
DA:71,1
DA:76,1
DA:77,0
DA:80,1
DA:82,0
DA:90,1
DA:91,1
DA:93,1
DA:94,1
DA:95,1
DA:97,1
DA:98,0
DA:103,1
DA:105,1
DA:106,0
DA:109,1
DA:111,0
DA:118,2
DA:119,4
DA:122,2
LF:47
LH:39
BRDA:29,0,0,0
BRDA:29,0,1,1
BRDA:44,1,0,1
BRDA:44,1,1,1
BRDA:63,2,0,0
BRDA:63,2,1,1
BRDA:63,3,0,1
BRDA:63,3,1,1
BRDA:65,4,0,0
BRDA:76,5,0,0
BRDA:95,6,0,0
BRDA:95,6,1,1
BRDA:95,7,0,1
BRDA:95,7,1,1
BRDA:97,8,0,0
BRDA:105,9,0,0
BRF:16
BRH:9
end_of_record
TN:
SF:src\controllers\comments_controller.ts
FNF:0
FNH:0
DA:1,2
DA:3,2
DA:5,2
DA:7,2
LF:4
LH:4
BRF:0
BRH:0
end_of_record
TN:
SF:src\controllers\posts_controller.ts
FNF:0
FNH:0
DA:1,2
DA:2,2
DA:4,2
DA:6,2
LF:4
LH:4
BRF:0
BRH:0
end_of_record
TN:
SF:src\models\comments_model.ts
FNF:0
FNH:0
DA:1,2
DA:9,2
DA:24,2
DA:25,2
LF:4
LH:4
BRF:0
BRH:0
end_of_record
TN:
SF:src\models\posts_model.ts
FNF:0
FNH:0
DA:1,2
DA:2,2
DA:10,2
DA:22,2
DA:24,2
LF:5
LH:5
BRF:0
BRH:0
end_of_record
TN:
SF:src\models\user_model.ts
FNF:0
FNH:0
DA:1,2
DA:2,2
DA:11,2
DA:27,2
DA:29,2
LF:5
LH:5
BRF:0
BRH:0
end_of_record
TN:
SF:src\routes\auth_route.ts
FNF:0
FNH:0
DA:1,2
DA:2,2
DA:3,2
DA:6,2
DA:7,2
DA:8,2
DA:9,2
DA:11,2
LF:8
LH:8
BRF:0
BRH:0
end_of_record
TN:
SF:src\routes\comments_route.ts
FNF:0
FNH:0
DA:1,2
DA:2,2
DA:3,2
DA:4,2
DA:7,2
DA:13,2
DA:15,2
DA:17,2
DA:23,2
DA:29,2
LF:10
LH:10
BRF:0
BRH:0
end_of_record
TN:
SF:src\routes\posts_route.ts
FNF:0
FNH:0
DA:1,2
DA:2,2
DA:3,2
DA:4,2
DA:7,2
DA:9,2
DA:11,2
DA:13,2
DA:19,2
DA:25,2
LF:10
LH:10
BRF:0
BRH:0
end_of_record
